2019-05-29 17:27:13.783 - INFO  [           main] o.s.b.StartupInfoLogger        : Starting XiaokApplication on gz_bank-PC with PID 10080 (D:\xiaok\target\classes started by gcb in D:\xiaok)
2019-05-29 17:27:13.810 - INFO  [           main] o.s.b.SpringApplication        : The following profiles are active: dev
2019-05-29 17:27:15.031 - WARN  [           main] t.m.s.m.ClassPathMapperScanner : No MyBatis mapper was found in '[com.mjc]' package. Please check your configuration.
2019-05-29 17:27:15.040 - WARN  [           main] o.m.s.m.ClassPathMapperScanner : No MyBatis mapper was found in '[com.mjc]' package. Please check your configuration.
2019-05-29 17:27:15.103 - WARN  [           main] o.s.b.SpringApplication        : Unable to close ApplicationContext
java.lang.IllegalStateException: Failed to introspect Class [org.springframework.boot.autoconfigure.data.redis.JedisConnectionConfiguration] from ClassLoader [sun.misc.Launcher$AppClassLoader@18b4aac2]
	at org.springframework.util.ReflectionUtils.getDeclaredMethods(ReflectionUtils.java:507) ~[spring-core-5.1.7.RELEASE.jar:5.1.7.RELEASE]
	at org.springframework.util.ReflectionUtils.doWithMethods(ReflectionUtils.java:404) ~[spring-core-5.1.7.RELEASE.jar:5.1.7.RELEASE]
	at org.springframework.util.ReflectionUtils.doWithMethods(ReflectionUtils.java:389) ~[spring-core-5.1.7.RELEASE.jar:5.1.7.RELEASE]
	at org.springframework.util.ReflectionUtils.getUniqueDeclaredMethods(ReflectionUtils.java:447) ~[spring-core-5.1.7.RELEASE.jar:5.1.7.RELEASE]
	at java.util.concurrent.ConcurrentHashMap.computeIfAbsent(ConcurrentHashMap.java:1660) ~[?:1.8.0_151]
	at org.springframework.beans.factory.support.AbstractAutowireCapableBeanFactory.getTypeForFactoryMethod(AbstractAutowireCapableBeanFactory.java:738) ~[spring-beans-5.1.7.RELEASE.jar:5.1.7.RELEASE]
	at org.springframework.beans.factory.support.AbstractAutowireCapableBeanFactory.determineTargetType(AbstractAutowireCapableBeanFactory.java:679) ~[spring-beans-5.1.7.RELEASE.jar:5.1.7.RELEASE]
	at org.springframework.beans.factory.support.AbstractAutowireCapableBeanFactory.predictBeanType(AbstractAutowireCapableBeanFactory.java:647) ~[spring-beans-5.1.7.RELEASE.jar:5.1.7.RELEASE]
	at org.springframework.beans.factory.support.AbstractBeanFactory.isFactoryBean(AbstractBeanFactory.java:1518) ~[spring-beans-5.1.7.RELEASE.jar:5.1.7.RELEASE]
	at org.springframework.beans.factory.support.DefaultListableBeanFactory.doGetBeanNamesForType(DefaultListableBeanFactory.java:509) ~[spring-beans-5.1.7.RELEASE.jar:5.1.7.RELEASE]
	at org.springframework.beans.factory.support.DefaultListableBeanFactory.getBeanNamesForType(DefaultListableBeanFactory.java:479) ~[spring-beans-5.1.7.RELEASE.jar:5.1.7.RELEASE]
	at org.springframework.beans.factory.support.DefaultListableBeanFactory.getBeansOfType(DefaultListableBeanFactory.java:600) ~[spring-beans-5.1.7.RELEASE.jar:5.1.7.RELEASE]
	at org.springframework.beans.factory.support.DefaultListableBeanFactory.getBeansOfType(DefaultListableBeanFactory.java:592) ~[spring-beans-5.1.7.RELEASE.jar:5.1.7.RELEASE]
	at org.springframework.context.support.AbstractApplicationContext.getBeansOfType(AbstractApplicationContext.java:1226) ~[spring-context-5.1.7.RELEASE.jar:5.1.7.RELEASE]
	at org.springframework.boot.SpringApplication.getExitCodeFromMappedException(SpringApplication.java:905) ~[spring-boot-2.1.5.RELEASE.jar:2.1.5.RELEASE]
	at org.springframework.boot.SpringApplication.getExitCodeFromException(SpringApplication.java:891) ~[spring-boot-2.1.5.RELEASE.jar:2.1.5.RELEASE]
	at org.springframework.boot.SpringApplication.handleExitCode(SpringApplication.java:877) ~[spring-boot-2.1.5.RELEASE.jar:2.1.5.RELEASE]
	at org.springframework.boot.SpringApplication.handleRunFailure(SpringApplication.java:826) [spring-boot-2.1.5.RELEASE.jar:2.1.5.RELEASE]
	at org.springframework.boot.SpringApplication.run(SpringApplication.java:327) [spring-boot-2.1.5.RELEASE.jar:2.1.5.RELEASE]
	at org.springframework.boot.SpringApplication.run(SpringApplication.java:1260) [spring-boot-2.1.5.RELEASE.jar:2.1.5.RELEASE]
	at org.springframework.boot.SpringApplication.run(SpringApplication.java:1248) [spring-boot-2.1.5.RELEASE.jar:2.1.5.RELEASE]
	at com.mjc.XiaokApplication.main(XiaokApplication.java:14) [classes/:?]
Caused by: java.lang.NoClassDefFoundError: org/springframework/data/redis/connection/jedis/JedisClientConfiguration$JedisClientConfigurationBuilder
	at java.lang.Class.getDeclaredMethods0(Native Method) ~[?:1.8.0_151]
	at java.lang.Class.privateGetDeclaredMethods(Class.java:2701) ~[?:1.8.0_151]
	at java.lang.Class.getDeclaredMethods(Class.java:1975) ~[?:1.8.0_151]
	at org.springframework.util.ReflectionUtils.getDeclaredMethods(ReflectionUtils.java:489) ~[spring-core-5.1.7.RELEASE.jar:5.1.7.RELEASE]
	... 21 more
Caused by: java.lang.ClassNotFoundException: org.springframework.data.redis.connection.jedis.JedisClientConfiguration$JedisClientConfigurationBuilder
	at java.net.URLClassLoader.findClass(URLClassLoader.java:381) ~[?:1.8.0_151]
	at java.lang.ClassLoader.loadClass(ClassLoader.java:424) ~[?:1.8.0_151]
	at sun.misc.Launcher$AppClassLoader.loadClass(Launcher.java:335) ~[?:1.8.0_151]
	at java.lang.ClassLoader.loadClass(ClassLoader.java:357) ~[?:1.8.0_151]
	at java.lang.Class.getDeclaredMethods0(Native Method) ~[?:1.8.0_151]
	at java.lang.Class.privateGetDeclaredMethods(Class.java:2701) ~[?:1.8.0_151]
	at java.lang.Class.getDeclaredMethods(Class.java:1975) ~[?:1.8.0_151]
	at org.springframework.util.ReflectionUtils.getDeclaredMethods(ReflectionUtils.java:489) ~[spring-core-5.1.7.RELEASE.jar:5.1.7.RELEASE]
	... 21 more
2019-05-29 17:28:34.706 - INFO  [           main] o.s.b.StartupInfoLogger        : Starting XiaokApplication on gz_bank-PC with PID 6432 (D:\xiaok\target\classes started by gcb in D:\xiaok)
2019-05-29 17:28:34.727 - INFO  [           main] o.s.b.SpringApplication        : The following profiles are active: dev
2019-05-29 17:28:35.301 - WARN  [           main] t.m.s.m.ClassPathMapperScanner : No MyBatis mapper was found in '[com.mjc]' package. Please check your configuration.
2019-05-29 17:28:35.310 - WARN  [           main] o.m.s.m.ClassPathMapperScanner : No MyBatis mapper was found in '[com.mjc]' package. Please check your configuration.
2019-05-29 17:28:35.374 - WARN  [           main] o.s.b.SpringApplication        : Unable to close ApplicationContext
java.lang.IllegalStateException: Failed to introspect Class [org.springframework.boot.autoconfigure.data.redis.JedisConnectionConfiguration] from ClassLoader [sun.misc.Launcher$AppClassLoader@18b4aac2]
	at org.springframework.util.ReflectionUtils.getDeclaredMethods(ReflectionUtils.java:507) ~[spring-core-5.1.7.RELEASE.jar:5.1.7.RELEASE]
	at org.springframework.util.ReflectionUtils.doWithMethods(ReflectionUtils.java:404) ~[spring-core-5.1.7.RELEASE.jar:5.1.7.RELEASE]
	at org.springframework.util.ReflectionUtils.doWithMethods(ReflectionUtils.java:389) ~[spring-core-5.1.7.RELEASE.jar:5.1.7.RELEASE]
	at org.springframework.util.ReflectionUtils.getUniqueDeclaredMethods(ReflectionUtils.java:447) ~[spring-core-5.1.7.RELEASE.jar:5.1.7.RELEASE]
	at java.util.concurrent.ConcurrentHashMap.computeIfAbsent(ConcurrentHashMap.java:1688) ~[?:1.8.0_151]
	at org.springframework.beans.factory.support.AbstractAutowireCapableBeanFactory.getTypeForFactoryMethod(AbstractAutowireCapableBeanFactory.java:738) ~[spring-beans-5.1.7.RELEASE.jar:5.1.7.RELEASE]
	at org.springframework.beans.factory.support.AbstractAutowireCapableBeanFactory.determineTargetType(AbstractAutowireCapableBeanFactory.java:679) ~[spring-beans-5.1.7.RELEASE.jar:5.1.7.RELEASE]
	at org.springframework.beans.factory.support.AbstractAutowireCapableBeanFactory.predictBeanType(AbstractAutowireCapableBeanFactory.java:647) ~[spring-beans-5.1.7.RELEASE.jar:5.1.7.RELEASE]
	at org.springframework.beans.factory.support.AbstractBeanFactory.isFactoryBean(AbstractBeanFactory.java:1518) ~[spring-beans-5.1.7.RELEASE.jar:5.1.7.RELEASE]
	at org.springframework.beans.factory.support.DefaultListableBeanFactory.doGetBeanNamesForType(DefaultListableBeanFactory.java:509) ~[spring-beans-5.1.7.RELEASE.jar:5.1.7.RELEASE]
	at org.springframework.beans.factory.support.DefaultListableBeanFactory.getBeanNamesForType(DefaultListableBeanFactory.java:479) ~[spring-beans-5.1.7.RELEASE.jar:5.1.7.RELEASE]
	at org.springframework.beans.factory.support.DefaultListableBeanFactory.getBeansOfType(DefaultListableBeanFactory.java:600) ~[spring-beans-5.1.7.RELEASE.jar:5.1.7.RELEASE]
	at org.springframework.beans.factory.support.DefaultListableBeanFactory.getBeansOfType(DefaultListableBeanFactory.java:592) ~[spring-beans-5.1.7.RELEASE.jar:5.1.7.RELEASE]
	at org.springframework.context.support.AbstractApplicationContext.getBeansOfType(AbstractApplicationContext.java:1226) ~[spring-context-5.1.7.RELEASE.jar:5.1.7.RELEASE]
	at org.springframework.boot.SpringApplication.getExitCodeFromMappedException(SpringApplication.java:905) ~[spring-boot-2.1.5.RELEASE.jar:2.1.5.RELEASE]
	at org.springframework.boot.SpringApplication.getExitCodeFromException(SpringApplication.java:891) ~[spring-boot-2.1.5.RELEASE.jar:2.1.5.RELEASE]
	at org.springframework.boot.SpringApplication.handleExitCode(SpringApplication.java:877) ~[spring-boot-2.1.5.RELEASE.jar:2.1.5.RELEASE]
	at org.springframework.boot.SpringApplication.handleRunFailure(SpringApplication.java:826) [spring-boot-2.1.5.RELEASE.jar:2.1.5.RELEASE]
	at org.springframework.boot.SpringApplication.run(SpringApplication.java:327) [spring-boot-2.1.5.RELEASE.jar:2.1.5.RELEASE]
	at org.springframework.boot.SpringApplication.run(SpringApplication.java:1260) [spring-boot-2.1.5.RELEASE.jar:2.1.5.RELEASE]
	at org.springframework.boot.SpringApplication.run(SpringApplication.java:1248) [spring-boot-2.1.5.RELEASE.jar:2.1.5.RELEASE]
	at com.mjc.XiaokApplication.main(XiaokApplication.java:14) [classes/:?]
Caused by: java.lang.NoClassDefFoundError: org/springframework/data/redis/connection/jedis/JedisClientConfiguration$JedisClientConfigurationBuilder
	at java.lang.Class.getDeclaredMethods0(Native Method) ~[?:1.8.0_151]
	at java.lang.Class.privateGetDeclaredMethods(Class.java:2701) ~[?:1.8.0_151]
	at java.lang.Class.getDeclaredMethods(Class.java:1975) ~[?:1.8.0_151]
	at org.springframework.util.ReflectionUtils.getDeclaredMethods(ReflectionUtils.java:489) ~[spring-core-5.1.7.RELEASE.jar:5.1.7.RELEASE]
	... 21 more
Caused by: java.lang.ClassNotFoundException: org.springframework.data.redis.connection.jedis.JedisClientConfiguration$JedisClientConfigurationBuilder
	at java.net.URLClassLoader.findClass(URLClassLoader.java:381) ~[?:1.8.0_151]
	at java.lang.ClassLoader.loadClass(ClassLoader.java:424) ~[?:1.8.0_151]
	at sun.misc.Launcher$AppClassLoader.loadClass(Launcher.java:335) ~[?:1.8.0_151]
	at java.lang.ClassLoader.loadClass(ClassLoader.java:357) ~[?:1.8.0_151]
	at java.lang.Class.getDeclaredMethods0(Native Method) ~[?:1.8.0_151]
	at java.lang.Class.privateGetDeclaredMethods(Class.java:2701) ~[?:1.8.0_151]
	at java.lang.Class.getDeclaredMethods(Class.java:1975) ~[?:1.8.0_151]
	at org.springframework.util.ReflectionUtils.getDeclaredMethods(ReflectionUtils.java:489) ~[spring-core-5.1.7.RELEASE.jar:5.1.7.RELEASE]
	... 21 more
2019-05-29 17:33:04.016 - INFO  [           main] o.s.b.StartupInfoLogger        : Starting XiaokApplication on gz_bank-PC with PID 8724 (D:\xiaok\target\classes started by gcb in D:\xiaok)
2019-05-29 17:33:04.029 - INFO  [           main] o.s.b.SpringApplication        : The following profiles are active: dev
2019-05-29 17:33:04.362 - INFO  [           main] c.s.AbstractApplicationContext : Refreshing org.springframework.boot.context.embedded.AnnotationConfigEmbeddedWebApplicationContext@4fad94a7: startup date [Wed May 29 17:33:04 CST 2019]; root of context hierarchy
2019-05-29 17:33:04.380 - INFO  [kground-preinit] o.h.v.i.u.Version              : HV000001: Hibernate Validator 5.3.5.Final
2019-05-29 17:33:05.216 - WARN  [           main] t.m.s.m.ClassPathMapperScanner : No MyBatis mapper was found in '[com.mjc]' package. Please check your configuration.
2019-05-29 17:33:05.229 - WARN  [           main] o.m.s.m.ClassPathMapperScanner : No MyBatis mapper was found in '[com.mjc]' package. Please check your configuration.
2019-05-29 17:33:05.614 - INFO  [           main] egate$BeanPostProcessorChecker : Bean 'shiroConfiguration' of type [com.mjc.shiro.ShiroConfiguration$$EnhancerBySpringCGLIB$$afae4dda] is not eligible for getting processed by all BeanPostProcessors (for example: not eligible for auto-proxying)
2019-05-29 17:33:06.170 - INFO  [           main] egate$BeanPostProcessorChecker : Bean 'mybatis-tk.mybatis.mapper.autoconfigure.MybatisProperties' of type [tk.mybatis.mapper.autoconfigure.MybatisProperties] is not eligible for getting processed by all BeanPostProcessors (for example: not eligible for auto-proxying)
2019-05-29 17:33:06.179 - INFO  [           main] egate$BeanPostProcessorChecker : Bean 'tk.mybatis.mapper.autoconfigure.MapperAutoConfiguration' of type [tk.mybatis.mapper.autoconfigure.MapperAutoConfiguration$$EnhancerBySpringCGLIB$$f45a097] is not eligible for getting processed by all BeanPostProcessors (for example: not eligible for auto-proxying)
2019-05-29 17:33:06.184 - INFO  [           main] egate$BeanPostProcessorChecker : Bean 'org.springframework.boot.autoconfigure.jdbc.DataSourceConfiguration$Tomcat' of type [org.springframework.boot.autoconfigure.jdbc.DataSourceConfiguration$Tomcat] is not eligible for getting processed by all BeanPostProcessors (for example: not eligible for auto-proxying)
2019-05-29 17:33:06.199 - INFO  [           main] egate$BeanPostProcessorChecker : Bean 'spring.datasource-org.springframework.boot.autoconfigure.jdbc.DataSourceProperties' of type [org.springframework.boot.autoconfigure.jdbc.DataSourceProperties] is not eligible for getting processed by all BeanPostProcessors (for example: not eligible for auto-proxying)
2019-05-29 17:33:06.294 - INFO  [           main] egate$BeanPostProcessorChecker : Bean 'dataSource' of type [org.apache.tomcat.jdbc.pool.DataSource] is not eligible for getting processed by all BeanPostProcessors (for example: not eligible for auto-proxying)
2019-05-29 17:33:06.394 - INFO  [           main] egate$BeanPostProcessorChecker : Bean 'sqlSessionFactory' of type [org.apache.ibatis.session.defaults.DefaultSqlSessionFactory] is not eligible for getting processed by all BeanPostProcessors (for example: not eligible for auto-proxying)
2019-05-29 17:33:06.403 - INFO  [           main] egate$BeanPostProcessorChecker : Bean 'sqlSessionTemplate' of type [org.mybatis.spring.SqlSessionTemplate] is not eligible for getting processed by all BeanPostProcessors (for example: not eligible for auto-proxying)
2019-05-29 17:33:06.576 - WARN  [           main] c.s.AbstractApplicationContext : Exception encountered during context initialization - cancelling refresh attempt: org.springframework.beans.factory.UnsatisfiedDependencyException: Error creating bean with name 'methodValidationPostProcessor' defined in class path resource [org/springframework/boot/autoconfigure/validation/ValidationAutoConfiguration.class]: Unsatisfied dependency expressed through method 'methodValidationPostProcessor' parameter 0; nested exception is org.springframework.beans.factory.UnsatisfiedDependencyException: Error creating bean with name 'shiroFilter' defined in class path resource [com/mjc/shiro/ShiroConfiguration.class]: Unsatisfied dependency expressed through method 'shiroFilter' parameter 0; nested exception is org.springframework.beans.factory.BeanCreationException: Error creating bean with name 'securityManager' defined in class path resource [com/mjc/shiro/ShiroConfiguration.class]: Bean instantiation via factory method failed; nested exception is org.springframework.beans.BeanInstantiationException: Failed to instantiate [org.apache.shiro.mgt.SecurityManager]: Factory method 'securityManager' threw exception; nested exception is org.springframework.beans.factory.UnsatisfiedDependencyException: Error creating bean with name 'myShiroRealm': Unsatisfied dependency expressed through field 'shiroService'; nested exception is org.springframework.beans.factory.UnsatisfiedDependencyException: Error creating bean with name 'shiroService': Unsatisfied dependency expressed through field 'userMapper'; nested exception is org.springframework.beans.factory.BeanCreationException: Error creating bean with name 'userMapper' defined in file [D:\xiaok\target\classes\com\mjc\mapper\UserMapper.class]: Invocation of init method failed; nested exception is java.lang.IllegalArgumentException: org.apache.ibatis.builder.BuilderException: Error parsing Mapper XML. Cause: org.apache.ibatis.builder.BuilderException: Wrong namespace. Expected 'com.mjc.mapper.UserMapper' but found 'com.example.help.mapper.UserMapper'.
2019-05-29 17:34:52.471 - INFO  [           main] o.s.b.StartupInfoLogger        : Starting XiaokApplication on gz_bank-PC with PID 6252 (D:\xiaok\target\classes started by gcb in D:\xiaok)
2019-05-29 17:34:52.476 - INFO  [           main] o.s.b.SpringApplication        : The following profiles are active: dev
2019-05-29 17:34:52.663 - INFO  [kground-preinit] o.h.v.i.u.Version              : HV000001: Hibernate Validator 5.3.5.Final
2019-05-29 17:34:52.703 - INFO  [           main] c.s.AbstractApplicationContext : Refreshing org.springframework.boot.context.embedded.AnnotationConfigEmbeddedWebApplicationContext@4fad94a7: startup date [Wed May 29 17:34:52 CST 2019]; root of context hierarchy
2019-05-29 17:34:53.279 - WARN  [           main] t.m.s.m.ClassPathMapperScanner : No MyBatis mapper was found in '[com.mjc]' package. Please check your configuration.
2019-05-29 17:34:53.292 - WARN  [           main] o.m.s.m.ClassPathMapperScanner : No MyBatis mapper was found in '[com.mjc]' package. Please check your configuration.
2019-05-29 17:34:53.604 - INFO  [           main] egate$BeanPostProcessorChecker : Bean 'shiroConfiguration' of type [com.mjc.shiro.ShiroConfiguration$$EnhancerBySpringCGLIB$$56382cb3] is not eligible for getting processed by all BeanPostProcessors (for example: not eligible for auto-proxying)
2019-05-29 17:34:54.137 - INFO  [           main] egate$BeanPostProcessorChecker : Bean 'mybatis-tk.mybatis.mapper.autoconfigure.MybatisProperties' of type [tk.mybatis.mapper.autoconfigure.MybatisProperties] is not eligible for getting processed by all BeanPostProcessors (for example: not eligible for auto-proxying)
2019-05-29 17:34:54.146 - INFO  [           main] egate$BeanPostProcessorChecker : Bean 'tk.mybatis.mapper.autoconfigure.MapperAutoConfiguration' of type [tk.mybatis.mapper.autoconfigure.MapperAutoConfiguration$$EnhancerBySpringCGLIB$$b5cf7f70] is not eligible for getting processed by all BeanPostProcessors (for example: not eligible for auto-proxying)
2019-05-29 17:34:54.150 - INFO  [           main] egate$BeanPostProcessorChecker : Bean 'org.springframework.boot.autoconfigure.jdbc.DataSourceConfiguration$Tomcat' of type [org.springframework.boot.autoconfigure.jdbc.DataSourceConfiguration$Tomcat] is not eligible for getting processed by all BeanPostProcessors (for example: not eligible for auto-proxying)
2019-05-29 17:34:54.163 - INFO  [           main] egate$BeanPostProcessorChecker : Bean 'spring.datasource-org.springframework.boot.autoconfigure.jdbc.DataSourceProperties' of type [org.springframework.boot.autoconfigure.jdbc.DataSourceProperties] is not eligible for getting processed by all BeanPostProcessors (for example: not eligible for auto-proxying)
2019-05-29 17:34:54.226 - INFO  [           main] egate$BeanPostProcessorChecker : Bean 'dataSource' of type [org.apache.tomcat.jdbc.pool.DataSource] is not eligible for getting processed by all BeanPostProcessors (for example: not eligible for auto-proxying)
2019-05-29 17:34:54.272 - INFO  [           main] egate$BeanPostProcessorChecker : Bean 'sqlSessionFactory' of type [org.apache.ibatis.session.defaults.DefaultSqlSessionFactory] is not eligible for getting processed by all BeanPostProcessors (for example: not eligible for auto-proxying)
2019-05-29 17:34:54.281 - INFO  [           main] egate$BeanPostProcessorChecker : Bean 'sqlSessionTemplate' of type [org.mybatis.spring.SqlSessionTemplate] is not eligible for getting processed by all BeanPostProcessors (for example: not eligible for auto-proxying)
2019-05-29 17:34:54.343 - WARN  [           main] c.s.AbstractApplicationContext : Exception encountered during context initialization - cancelling refresh attempt: org.springframework.beans.factory.UnsatisfiedDependencyException: Error creating bean with name 'methodValidationPostProcessor' defined in class path resource [org/springframework/boot/autoconfigure/validation/ValidationAutoConfiguration.class]: Unsatisfied dependency expressed through method 'methodValidationPostProcessor' parameter 0; nested exception is org.springframework.beans.factory.UnsatisfiedDependencyException: Error creating bean with name 'shiroFilter' defined in class path resource [com/mjc/shiro/ShiroConfiguration.class]: Unsatisfied dependency expressed through method 'shiroFilter' parameter 0; nested exception is org.springframework.beans.factory.BeanCreationException: Error creating bean with name 'securityManager' defined in class path resource [com/mjc/shiro/ShiroConfiguration.class]: Bean instantiation via factory method failed; nested exception is org.springframework.beans.BeanInstantiationException: Failed to instantiate [org.apache.shiro.mgt.SecurityManager]: Factory method 'securityManager' threw exception; nested exception is org.springframework.beans.factory.UnsatisfiedDependencyException: Error creating bean with name 'myShiroRealm': Unsatisfied dependency expressed through field 'shiroService'; nested exception is org.springframework.beans.factory.UnsatisfiedDependencyException: Error creating bean with name 'shiroService': Unsatisfied dependency expressed through field 'userMapper'; nested exception is org.springframework.beans.factory.BeanCreationException: Error creating bean with name 'userMapper' defined in file [D:\xiaok\target\classes\com\mjc\mapper\UserMapper.class]: Invocation of init method failed; nested exception is java.lang.IllegalArgumentException: org.apache.ibatis.builder.BuilderException: Error parsing Mapper XML. Cause: org.apache.ibatis.builder.BuilderException: Error resolving class. Cause: org.apache.ibatis.type.TypeException: Could not resolve type alias 'com.example.help.domain.User'.  Cause: java.lang.ClassNotFoundException: Cannot find class: com.example.help.domain.User
2019-05-29 17:36:06.918 - INFO  [           main] o.s.b.StartupInfoLogger        : Starting XiaokApplication on gz_bank-PC with PID 8248 (D:\xiaok\target\classes started by gcb in D:\xiaok)
2019-05-29 17:36:06.922 - INFO  [           main] o.s.b.SpringApplication        : The following profiles are active: dev
2019-05-29 17:36:07.120 - INFO  [           main] c.s.AbstractApplicationContext : Refreshing org.springframework.boot.context.embedded.AnnotationConfigEmbeddedWebApplicationContext@4fad94a7: startup date [Wed May 29 17:36:07 CST 2019]; root of context hierarchy
2019-05-29 17:36:07.124 - INFO  [kground-preinit] o.h.v.i.u.Version              : HV000001: Hibernate Validator 5.3.5.Final
2019-05-29 17:36:07.744 - WARN  [           main] t.m.s.m.ClassPathMapperScanner : No MyBatis mapper was found in '[com.mjc]' package. Please check your configuration.
2019-05-29 17:36:07.757 - WARN  [           main] o.m.s.m.ClassPathMapperScanner : No MyBatis mapper was found in '[com.mjc]' package. Please check your configuration.
2019-05-29 17:36:08.078 - INFO  [           main] egate$BeanPostProcessorChecker : Bean 'shiroConfiguration' of type [com.mjc.shiro.ShiroConfiguration$$EnhancerBySpringCGLIB$$79338f94] is not eligible for getting processed by all BeanPostProcessors (for example: not eligible for auto-proxying)
2019-05-29 17:36:08.588 - INFO  [           main] egate$BeanPostProcessorChecker : Bean 'mybatis-tk.mybatis.mapper.autoconfigure.MybatisProperties' of type [tk.mybatis.mapper.autoconfigure.MybatisProperties] is not eligible for getting processed by all BeanPostProcessors (for example: not eligible for auto-proxying)
2019-05-29 17:36:08.597 - INFO  [           main] egate$BeanPostProcessorChecker : Bean 'tk.mybatis.mapper.autoconfigure.MapperAutoConfiguration' of type [tk.mybatis.mapper.autoconfigure.MapperAutoConfiguration$$EnhancerBySpringCGLIB$$d8cae251] is not eligible for getting processed by all BeanPostProcessors (for example: not eligible for auto-proxying)
2019-05-29 17:36:08.601 - INFO  [           main] egate$BeanPostProcessorChecker : Bean 'org.springframework.boot.autoconfigure.jdbc.DataSourceConfiguration$Tomcat' of type [org.springframework.boot.autoconfigure.jdbc.DataSourceConfiguration$Tomcat] is not eligible for getting processed by all BeanPostProcessors (for example: not eligible for auto-proxying)
2019-05-29 17:36:08.614 - INFO  [           main] egate$BeanPostProcessorChecker : Bean 'spring.datasource-org.springframework.boot.autoconfigure.jdbc.DataSourceProperties' of type [org.springframework.boot.autoconfigure.jdbc.DataSourceProperties] is not eligible for getting processed by all BeanPostProcessors (for example: not eligible for auto-proxying)
2019-05-29 17:36:08.673 - INFO  [           main] egate$BeanPostProcessorChecker : Bean 'dataSource' of type [org.apache.tomcat.jdbc.pool.DataSource] is not eligible for getting processed by all BeanPostProcessors (for example: not eligible for auto-proxying)
2019-05-29 17:36:08.723 - INFO  [           main] egate$BeanPostProcessorChecker : Bean 'sqlSessionFactory' of type [org.apache.ibatis.session.defaults.DefaultSqlSessionFactory] is not eligible for getting processed by all BeanPostProcessors (for example: not eligible for auto-proxying)
2019-05-29 17:36:08.732 - INFO  [           main] egate$BeanPostProcessorChecker : Bean 'sqlSessionTemplate' of type [org.mybatis.spring.SqlSessionTemplate] is not eligible for getting processed by all BeanPostProcessors (for example: not eligible for auto-proxying)
2019-05-29 17:36:08.955 - INFO  [           main] egate$BeanPostProcessorChecker : Bean 'userMapper' of type [tk.mybatis.spring.mapper.MapperFactoryBean] is not eligible for getting processed by all BeanPostProcessors (for example: not eligible for auto-proxying)
2019-05-29 17:36:08.956 - INFO  [           main] egate$BeanPostProcessorChecker : Bean 'userMapper' of type [com.sun.proxy.$Proxy82] is not eligible for getting processed by all BeanPostProcessors (for example: not eligible for auto-proxying)
2019-05-29 17:36:09.006 - INFO  [           main] egate$BeanPostProcessorChecker : Bean 'permissionMapper' of type [tk.mybatis.spring.mapper.MapperFactoryBean] is not eligible for getting processed by all BeanPostProcessors (for example: not eligible for auto-proxying)
2019-05-29 17:36:09.007 - INFO  [           main] egate$BeanPostProcessorChecker : Bean 'permissionMapper' of type [com.sun.proxy.$Proxy83] is not eligible for getting processed by all BeanPostProcessors (for example: not eligible for auto-proxying)
2019-05-29 17:36:09.011 - INFO  [           main] egate$BeanPostProcessorChecker : Bean 'org.springframework.boot.autoconfigure.data.redis.RedisAutoConfiguration$RedisConfiguration' of type [org.springframework.boot.autoconfigure.data.redis.RedisAutoConfiguration$RedisConfiguration$$EnhancerBySpringCGLIB$$687cc045] is not eligible for getting processed by all BeanPostProcessors (for example: not eligible for auto-proxying)
2019-05-29 17:36:09.017 - INFO  [           main] egate$BeanPostProcessorChecker : Bean 'spring.redis-org.springframework.boot.autoconfigure.data.redis.RedisProperties' of type [org.springframework.boot.autoconfigure.data.redis.RedisProperties] is not eligible for getting processed by all BeanPostProcessors (for example: not eligible for auto-proxying)
2019-05-29 17:36:09.021 - INFO  [           main] egate$BeanPostProcessorChecker : Bean 'org.springframework.boot.autoconfigure.data.redis.RedisAutoConfiguration$RedisConnectionConfiguration' of type [org.springframework.boot.autoconfigure.data.redis.RedisAutoConfiguration$RedisConnectionConfiguration$$EnhancerBySpringCGLIB$$b6d461c7] is not eligible for getting processed by all BeanPostProcessors (for example: not eligible for auto-proxying)
2019-05-29 17:36:09.075 - INFO  [           main] egate$BeanPostProcessorChecker : Bean 'redisConnectionFactory' of type [org.springframework.data.redis.connection.jedis.JedisConnectionFactory] is not eligible for getting processed by all BeanPostProcessors (for example: not eligible for auto-proxying)
2019-05-29 17:36:09.105 - INFO  [           main] egate$BeanPostProcessorChecker : Bean 'stringRedisTemplate' of type [org.springframework.data.redis.core.StringRedisTemplate] is not eligible for getting processed by all BeanPostProcessors (for example: not eligible for auto-proxying)
2019-05-29 17:36:09.107 - INFO  [           main] egate$BeanPostProcessorChecker : Bean 'shiroService' of type [com.mjc.service.impl.ShiroServiceImpl] is not eligible for getting processed by all BeanPostProcessors (for example: not eligible for auto-proxying)
2019-05-29 17:36:09.107 - INFO  [           main] egate$BeanPostProcessorChecker : Bean 'myShiroRealm' of type [com.mjc.shiro.MyRealm] is not eligible for getting processed by all BeanPostProcessors (for example: not eligible for auto-proxying)
2019-05-29 17:36:09.128 - INFO  [           main] egate$BeanPostProcessorChecker : Bean 'securityManager' of type [org.apache.shiro.web.mgt.DefaultWebSecurityManager] is not eligible for getting processed by all BeanPostProcessors (for example: not eligible for auto-proxying)
2019-05-29 17:36:09.169 - INFO  [           main] egate$BeanPostProcessorChecker : Bean 'org.springframework.amqp.rabbit.annotation.RabbitBootstrapConfiguration' of type [org.springframework.amqp.rabbit.annotation.RabbitBootstrapConfiguration$$EnhancerBySpringCGLIB$$e945f8e6] is not eligible for getting processed by all BeanPostProcessors (for example: not eligible for auto-proxying)
2019-05-29 17:36:09.265 - INFO  [           main] egate$BeanPostProcessorChecker : Bean 'redisConfig' of type [com.mjc.redis.RedisConfig$$EnhancerBySpringCGLIB$$5e176212] is not eligible for getting processed by all BeanPostProcessors (for example: not eligible for auto-proxying)
2019-05-29 17:36:09.273 - INFO  [           main] egate$BeanPostProcessorChecker : Bean 'org.springframework.transaction.annotation.ProxyTransactionManagementConfiguration' of type [org.springframework.transaction.annotation.ProxyTransactionManagementConfiguration$$EnhancerBySpringCGLIB$$22da3ab8] is not eligible for getting processed by all BeanPostProcessors (for example: not eligible for auto-proxying)
2019-05-29 17:36:09.290 - INFO  [           main] egate$BeanPostProcessorChecker : Bean 'authorizationAttributeSourceAdvisor' of type [org.apache.shiro.spring.security.interceptor.AuthorizationAttributeSourceAdvisor] is not eligible for getting processed by all BeanPostProcessors (for example: not eligible for auto-proxying)
2019-05-29 17:36:09.339 - INFO  [           main] egate$BeanPostProcessorChecker : Bean 'keyGenerator' of type [com.mjc.redis.RedisConfig$1] is not eligible for getting processed by all BeanPostProcessors (for example: not eligible for auto-proxying)
2019-05-29 17:36:09.340 - INFO  [           main] egate$BeanPostProcessorChecker : Bean 'org.springframework.cache.annotation.ProxyCachingConfiguration' of type [org.springframework.cache.annotation.ProxyCachingConfiguration$$EnhancerBySpringCGLIB$$6bec70d6] is not eligible for getting processed by all BeanPostProcessors (for example: not eligible for auto-proxying)
2019-05-29 17:36:09.866 - INFO  [           main] TomcatEmbeddedServletContainer : Tomcat initialized with port(s): 8080 (http)
2019-05-29 17:36:09.876 - INFO  [           main] o.a.j.l.DirectJDKLog           : Starting service Tomcat
2019-05-29 17:36:09.877 - INFO  [           main] o.a.j.l.DirectJDKLog           : Starting Servlet Engine: Apache Tomcat/8.5.14
2019-05-29 17:36:09.986 - INFO  [ost-startStop-1] o.a.j.l.DirectJDKLog           : Initializing Spring embedded WebApplicationContext
2019-05-29 17:36:09.986 - INFO  [ost-startStop-1] .EmbeddedWebApplicationContext : Root WebApplicationContext: initialization completed in 2868 ms
2019-05-29 17:36:10.291 - INFO  [ost-startStop-1] .b.w.s.ServletRegistrationBean : Mapping servlet: 'dispatcherServlet' to [/]
2019-05-29 17:36:10.295 - INFO  [ost-startStop-1] AbstractFilterRegistrationBean : Mapping filter: 'characterEncodingFilter' to: [/*]
2019-05-29 17:36:10.295 - INFO  [ost-startStop-1] AbstractFilterRegistrationBean : Mapping filter: 'hiddenHttpMethodFilter' to: [/*]
2019-05-29 17:36:10.295 - INFO  [ost-startStop-1] AbstractFilterRegistrationBean : Mapping filter: 'httpPutFormContentFilter' to: [/*]
2019-05-29 17:36:10.295 - INFO  [ost-startStop-1] AbstractFilterRegistrationBean : Mapping filter: 'requestContextFilter' to: [/*]
2019-05-29 17:36:10.295 - INFO  [ost-startStop-1] AbstractFilterRegistrationBean : Mapping filter: 'shiroFilter' to: [/*]
2019-05-29 17:36:10.368 - WARN  [           main] c.s.AbstractApplicationContext : Exception encountered during context initialization - cancelling refresh attempt: org.springframework.beans.factory.UnsatisfiedDependencyException: Error creating bean with name 'loginController': Unsatisfied dependency expressed through field 'userService'; nested exception is org.springframework.beans.factory.NoSuchBeanDefinitionException: No qualifying bean of type 'com.mjc.service.UserService' available: expected at least 1 bean which qualifies as autowire candidate. Dependency annotations: {@org.springframework.beans.factory.annotation.Autowired(required=true)}
2019-05-29 17:36:10.371 - INFO  [           main] o.a.j.l.DirectJDKLog           : Stopping service Tomcat
2019-05-29 17:36:10.414 - INFO  [           main] rationReportLoggingInitializer : 

Error starting ApplicationContext. To display the auto-configuration report re-run your application with 'debug' enabled.
2019-05-29 17:37:52.148 - INFO  [           main] o.s.b.StartupInfoLogger        : Starting XiaokApplication on gz_bank-PC with PID 9644 (D:\xiaok\target\classes started by gcb in D:\xiaok)
2019-05-29 17:37:52.152 - INFO  [           main] o.s.b.SpringApplication        : The following profiles are active: dev
2019-05-29 17:37:52.380 - INFO  [kground-preinit] o.h.v.i.u.Version              : HV000001: Hibernate Validator 5.3.5.Final
2019-05-29 17:37:52.387 - INFO  [           main] c.s.AbstractApplicationContext : Refreshing org.springframework.boot.context.embedded.AnnotationConfigEmbeddedWebApplicationContext@4fad94a7: startup date [Wed May 29 17:37:52 CST 2019]; root of context hierarchy
2019-05-29 17:37:53.024 - WARN  [           main] t.m.s.m.ClassPathMapperScanner : No MyBatis mapper was found in '[com.mjc]' package. Please check your configuration.
2019-05-29 17:37:53.044 - WARN  [           main] o.m.s.m.ClassPathMapperScanner : No MyBatis mapper was found in '[com.mjc]' package. Please check your configuration.
2019-05-29 17:37:53.379 - INFO  [           main] egate$BeanPostProcessorChecker : Bean 'shiroConfiguration' of type [com.mjc.shiro.ShiroConfiguration$$EnhancerBySpringCGLIB$$7566c36d] is not eligible for getting processed by all BeanPostProcessors (for example: not eligible for auto-proxying)
2019-05-29 17:37:53.911 - INFO  [           main] egate$BeanPostProcessorChecker : Bean 'mybatis-tk.mybatis.mapper.autoconfigure.MybatisProperties' of type [tk.mybatis.mapper.autoconfigure.MybatisProperties] is not eligible for getting processed by all BeanPostProcessors (for example: not eligible for auto-proxying)
2019-05-29 17:37:53.921 - INFO  [           main] egate$BeanPostProcessorChecker : Bean 'tk.mybatis.mapper.autoconfigure.MapperAutoConfiguration' of type [tk.mybatis.mapper.autoconfigure.MapperAutoConfiguration$$EnhancerBySpringCGLIB$$d4fe162a] is not eligible for getting processed by all BeanPostProcessors (for example: not eligible for auto-proxying)
2019-05-29 17:37:53.926 - INFO  [           main] egate$BeanPostProcessorChecker : Bean 'org.springframework.boot.autoconfigure.jdbc.DataSourceConfiguration$Tomcat' of type [org.springframework.boot.autoconfigure.jdbc.DataSourceConfiguration$Tomcat] is not eligible for getting processed by all BeanPostProcessors (for example: not eligible for auto-proxying)
2019-05-29 17:37:53.938 - INFO  [           main] egate$BeanPostProcessorChecker : Bean 'spring.datasource-org.springframework.boot.autoconfigure.jdbc.DataSourceProperties' of type [org.springframework.boot.autoconfigure.jdbc.DataSourceProperties] is not eligible for getting processed by all BeanPostProcessors (for example: not eligible for auto-proxying)
2019-05-29 17:37:54.001 - INFO  [           main] egate$BeanPostProcessorChecker : Bean 'dataSource' of type [org.apache.tomcat.jdbc.pool.DataSource] is not eligible for getting processed by all BeanPostProcessors (for example: not eligible for auto-proxying)
2019-05-29 17:37:54.046 - INFO  [           main] egate$BeanPostProcessorChecker : Bean 'sqlSessionFactory' of type [org.apache.ibatis.session.defaults.DefaultSqlSessionFactory] is not eligible for getting processed by all BeanPostProcessors (for example: not eligible for auto-proxying)
2019-05-29 17:37:54.055 - INFO  [           main] egate$BeanPostProcessorChecker : Bean 'sqlSessionTemplate' of type [org.mybatis.spring.SqlSessionTemplate] is not eligible for getting processed by all BeanPostProcessors (for example: not eligible for auto-proxying)
2019-05-29 17:37:54.232 - INFO  [           main] egate$BeanPostProcessorChecker : Bean 'userMapper' of type [tk.mybatis.spring.mapper.MapperFactoryBean] is not eligible for getting processed by all BeanPostProcessors (for example: not eligible for auto-proxying)
2019-05-29 17:37:54.234 - INFO  [           main] egate$BeanPostProcessorChecker : Bean 'userMapper' of type [com.sun.proxy.$Proxy82] is not eligible for getting processed by all BeanPostProcessors (for example: not eligible for auto-proxying)
2019-05-29 17:37:54.285 - INFO  [           main] egate$BeanPostProcessorChecker : Bean 'permissionMapper' of type [tk.mybatis.spring.mapper.MapperFactoryBean] is not eligible for getting processed by all BeanPostProcessors (for example: not eligible for auto-proxying)
2019-05-29 17:37:54.287 - INFO  [           main] egate$BeanPostProcessorChecker : Bean 'permissionMapper' of type [com.sun.proxy.$Proxy83] is not eligible for getting processed by all BeanPostProcessors (for example: not eligible for auto-proxying)
2019-05-29 17:37:54.294 - INFO  [           main] egate$BeanPostProcessorChecker : Bean 'org.springframework.boot.autoconfigure.data.redis.RedisAutoConfiguration$RedisConfiguration' of type [org.springframework.boot.autoconfigure.data.redis.RedisAutoConfiguration$RedisConfiguration$$EnhancerBySpringCGLIB$$64aff41e] is not eligible for getting processed by all BeanPostProcessors (for example: not eligible for auto-proxying)
2019-05-29 17:37:54.302 - INFO  [           main] egate$BeanPostProcessorChecker : Bean 'spring.redis-org.springframework.boot.autoconfigure.data.redis.RedisProperties' of type [org.springframework.boot.autoconfigure.data.redis.RedisProperties] is not eligible for getting processed by all BeanPostProcessors (for example: not eligible for auto-proxying)
2019-05-29 17:37:54.309 - INFO  [           main] egate$BeanPostProcessorChecker : Bean 'org.springframework.boot.autoconfigure.data.redis.RedisAutoConfiguration$RedisConnectionConfiguration' of type [org.springframework.boot.autoconfigure.data.redis.RedisAutoConfiguration$RedisConnectionConfiguration$$EnhancerBySpringCGLIB$$b30795a0] is not eligible for getting processed by all BeanPostProcessors (for example: not eligible for auto-proxying)
2019-05-29 17:37:54.333 - INFO  [           main] egate$BeanPostProcessorChecker : Bean 'redisConnectionFactory' of type [org.springframework.data.redis.connection.jedis.JedisConnectionFactory] is not eligible for getting processed by all BeanPostProcessors (for example: not eligible for auto-proxying)
2019-05-29 17:37:54.354 - INFO  [           main] egate$BeanPostProcessorChecker : Bean 'stringRedisTemplate' of type [org.springframework.data.redis.core.StringRedisTemplate] is not eligible for getting processed by all BeanPostProcessors (for example: not eligible for auto-proxying)
2019-05-29 17:37:54.355 - INFO  [           main] egate$BeanPostProcessorChecker : Bean 'shiroService' of type [com.mjc.service.impl.ShiroServiceImpl] is not eligible for getting processed by all BeanPostProcessors (for example: not eligible for auto-proxying)
2019-05-29 17:37:54.356 - INFO  [           main] egate$BeanPostProcessorChecker : Bean 'myShiroRealm' of type [com.mjc.shiro.MyRealm] is not eligible for getting processed by all BeanPostProcessors (for example: not eligible for auto-proxying)
2019-05-29 17:37:54.368 - INFO  [           main] egate$BeanPostProcessorChecker : Bean 'securityManager' of type [org.apache.shiro.web.mgt.DefaultWebSecurityManager] is not eligible for getting processed by all BeanPostProcessors (for example: not eligible for auto-proxying)
2019-05-29 17:37:54.396 - INFO  [           main] egate$BeanPostProcessorChecker : Bean 'org.springframework.amqp.rabbit.annotation.RabbitBootstrapConfiguration' of type [org.springframework.amqp.rabbit.annotation.RabbitBootstrapConfiguration$$EnhancerBySpringCGLIB$$e5792cbf] is not eligible for getting processed by all BeanPostProcessors (for example: not eligible for auto-proxying)
2019-05-29 17:37:54.440 - INFO  [           main] egate$BeanPostProcessorChecker : Bean 'redisConfig' of type [com.mjc.redis.RedisConfig$$EnhancerBySpringCGLIB$$5a4a95eb] is not eligible for getting processed by all BeanPostProcessors (for example: not eligible for auto-proxying)
2019-05-29 17:37:54.450 - INFO  [           main] egate$BeanPostProcessorChecker : Bean 'org.springframework.transaction.annotation.ProxyTransactionManagementConfiguration' of type [org.springframework.transaction.annotation.ProxyTransactionManagementConfiguration$$EnhancerBySpringCGLIB$$1f0d6e91] is not eligible for getting processed by all BeanPostProcessors (for example: not eligible for auto-proxying)
2019-05-29 17:37:54.468 - INFO  [           main] egate$BeanPostProcessorChecker : Bean 'authorizationAttributeSourceAdvisor' of type [org.apache.shiro.spring.security.interceptor.AuthorizationAttributeSourceAdvisor] is not eligible for getting processed by all BeanPostProcessors (for example: not eligible for auto-proxying)
2019-05-29 17:37:54.527 - INFO  [           main] egate$BeanPostProcessorChecker : Bean 'keyGenerator' of type [com.mjc.redis.RedisConfig$1] is not eligible for getting processed by all BeanPostProcessors (for example: not eligible for auto-proxying)
2019-05-29 17:37:54.528 - INFO  [           main] egate$BeanPostProcessorChecker : Bean 'org.springframework.cache.annotation.ProxyCachingConfiguration' of type [org.springframework.cache.annotation.ProxyCachingConfiguration$$EnhancerBySpringCGLIB$$681fa4af] is not eligible for getting processed by all BeanPostProcessors (for example: not eligible for auto-proxying)
2019-05-29 17:37:54.943 - INFO  [           main] TomcatEmbeddedServletContainer : Tomcat initialized with port(s): 8080 (http)
2019-05-29 17:37:54.952 - INFO  [           main] o.a.j.l.DirectJDKLog           : Starting service Tomcat
2019-05-29 17:37:54.953 - INFO  [           main] o.a.j.l.DirectJDKLog           : Starting Servlet Engine: Apache Tomcat/8.5.14
2019-05-29 17:37:55.047 - INFO  [ost-startStop-1] o.a.j.l.DirectJDKLog           : Initializing Spring embedded WebApplicationContext
2019-05-29 17:37:55.047 - INFO  [ost-startStop-1] .EmbeddedWebApplicationContext : Root WebApplicationContext: initialization completed in 2663 ms
2019-05-29 17:37:55.325 - INFO  [ost-startStop-1] .b.w.s.ServletRegistrationBean : Mapping servlet: 'dispatcherServlet' to [/]
2019-05-29 17:37:55.329 - INFO  [ost-startStop-1] AbstractFilterRegistrationBean : Mapping filter: 'characterEncodingFilter' to: [/*]
2019-05-29 17:37:55.329 - INFO  [ost-startStop-1] AbstractFilterRegistrationBean : Mapping filter: 'hiddenHttpMethodFilter' to: [/*]
2019-05-29 17:37:55.329 - INFO  [ost-startStop-1] AbstractFilterRegistrationBean : Mapping filter: 'httpPutFormContentFilter' to: [/*]
2019-05-29 17:37:55.329 - INFO  [ost-startStop-1] AbstractFilterRegistrationBean : Mapping filter: 'requestContextFilter' to: [/*]
2019-05-29 17:37:55.329 - INFO  [ost-startStop-1] AbstractFilterRegistrationBean : Mapping filter: 'shiroFilter' to: [/*]
2019-05-29 17:37:55.397 - WARN  [           main] c.s.AbstractApplicationContext : Exception encountered during context initialization - cancelling refresh attempt: org.springframework.beans.factory.UnsatisfiedDependencyException: Error creating bean with name 'loginController': Unsatisfied dependency expressed through field 'userService'; nested exception is org.springframework.beans.factory.NoSuchBeanDefinitionException: No qualifying bean of type 'com.mjc.service.UserService' available: expected at least 1 bean which qualifies as autowire candidate. Dependency annotations: {@org.springframework.beans.factory.annotation.Autowired(required=true)}
2019-05-29 17:37:55.401 - INFO  [           main] o.a.j.l.DirectJDKLog           : Stopping service Tomcat
2019-05-29 17:37:55.419 - INFO  [           main] rationReportLoggingInitializer : 

Error starting ApplicationContext. To display the auto-configuration report re-run your application with 'debug' enabled.
2019-05-29 17:41:42.680 - INFO  [           main] o.s.b.StartupInfoLogger        : Starting XiaokApplication on gz_bank-PC with PID 9964 (D:\xiaok\target\classes started by gcb in D:\xiaok)
2019-05-29 17:41:42.689 - INFO  [           main] o.s.b.SpringApplication        : The following profiles are active: dev
2019-05-29 17:41:42.934 - INFO  [           main] c.s.AbstractApplicationContext : Refreshing org.springframework.boot.context.embedded.AnnotationConfigEmbeddedWebApplicationContext@4fad94a7: startup date [Wed May 29 17:41:42 CST 2019]; root of context hierarchy
2019-05-29 17:41:43.173 - INFO  [kground-preinit] o.h.v.i.u.Version              : HV000001: Hibernate Validator 5.3.5.Final
2019-05-29 17:41:43.641 - WARN  [           main] t.m.s.m.ClassPathMapperScanner : No MyBatis mapper was found in '[com.mjc]' package. Please check your configuration.
2019-05-29 17:41:43.655 - WARN  [           main] o.m.s.m.ClassPathMapperScanner : No MyBatis mapper was found in '[com.mjc]' package. Please check your configuration.
2019-05-29 17:41:44.003 - INFO  [           main] egate$BeanPostProcessorChecker : Bean 'shiroConfiguration' of type [com.mjc.shiro.ShiroConfiguration$$EnhancerBySpringCGLIB$$4ab00ac9] is not eligible for getting processed by all BeanPostProcessors (for example: not eligible for auto-proxying)
2019-05-29 17:41:44.508 - INFO  [           main] egate$BeanPostProcessorChecker : Bean 'mybatis-tk.mybatis.mapper.autoconfigure.MybatisProperties' of type [tk.mybatis.mapper.autoconfigure.MybatisProperties] is not eligible for getting processed by all BeanPostProcessors (for example: not eligible for auto-proxying)
2019-05-29 17:41:44.519 - INFO  [           main] egate$BeanPostProcessorChecker : Bean 'tk.mybatis.mapper.autoconfigure.MapperAutoConfiguration' of type [tk.mybatis.mapper.autoconfigure.MapperAutoConfiguration$$EnhancerBySpringCGLIB$$aa475d86] is not eligible for getting processed by all BeanPostProcessors (for example: not eligible for auto-proxying)
2019-05-29 17:41:44.523 - INFO  [           main] egate$BeanPostProcessorChecker : Bean 'org.springframework.boot.autoconfigure.jdbc.DataSourceConfiguration$Tomcat' of type [org.springframework.boot.autoconfigure.jdbc.DataSourceConfiguration$Tomcat] is not eligible for getting processed by all BeanPostProcessors (for example: not eligible for auto-proxying)
2019-05-29 17:41:44.536 - INFO  [           main] egate$BeanPostProcessorChecker : Bean 'spring.datasource-org.springframework.boot.autoconfigure.jdbc.DataSourceProperties' of type [org.springframework.boot.autoconfigure.jdbc.DataSourceProperties] is not eligible for getting processed by all BeanPostProcessors (for example: not eligible for auto-proxying)
2019-05-29 17:41:44.600 - INFO  [           main] egate$BeanPostProcessorChecker : Bean 'dataSource' of type [org.apache.tomcat.jdbc.pool.DataSource] is not eligible for getting processed by all BeanPostProcessors (for example: not eligible for auto-proxying)
2019-05-29 17:41:44.648 - INFO  [           main] egate$BeanPostProcessorChecker : Bean 'sqlSessionFactory' of type [org.apache.ibatis.session.defaults.DefaultSqlSessionFactory] is not eligible for getting processed by all BeanPostProcessors (for example: not eligible for auto-proxying)
2019-05-29 17:41:44.657 - INFO  [           main] egate$BeanPostProcessorChecker : Bean 'sqlSessionTemplate' of type [org.mybatis.spring.SqlSessionTemplate] is not eligible for getting processed by all BeanPostProcessors (for example: not eligible for auto-proxying)
2019-05-29 17:41:44.838 - INFO  [           main] egate$BeanPostProcessorChecker : Bean 'userMapper' of type [tk.mybatis.spring.mapper.MapperFactoryBean] is not eligible for getting processed by all BeanPostProcessors (for example: not eligible for auto-proxying)
2019-05-29 17:41:44.840 - INFO  [           main] egate$BeanPostProcessorChecker : Bean 'userMapper' of type [com.sun.proxy.$Proxy82] is not eligible for getting processed by all BeanPostProcessors (for example: not eligible for auto-proxying)
2019-05-29 17:41:44.906 - INFO  [           main] egate$BeanPostProcessorChecker : Bean 'permissionMapper' of type [tk.mybatis.spring.mapper.MapperFactoryBean] is not eligible for getting processed by all BeanPostProcessors (for example: not eligible for auto-proxying)
2019-05-29 17:41:44.909 - INFO  [           main] egate$BeanPostProcessorChecker : Bean 'permissionMapper' of type [com.sun.proxy.$Proxy83] is not eligible for getting processed by all BeanPostProcessors (for example: not eligible for auto-proxying)
2019-05-29 17:41:44.913 - INFO  [           main] egate$BeanPostProcessorChecker : Bean 'org.springframework.boot.autoconfigure.data.redis.RedisAutoConfiguration$RedisConfiguration' of type [org.springframework.boot.autoconfigure.data.redis.RedisAutoConfiguration$RedisConfiguration$$EnhancerBySpringCGLIB$$39f93b7a] is not eligible for getting processed by all BeanPostProcessors (for example: not eligible for auto-proxying)
2019-05-29 17:41:44.919 - INFO  [           main] egate$BeanPostProcessorChecker : Bean 'spring.redis-org.springframework.boot.autoconfigure.data.redis.RedisProperties' of type [org.springframework.boot.autoconfigure.data.redis.RedisProperties] is not eligible for getting processed by all BeanPostProcessors (for example: not eligible for auto-proxying)
2019-05-29 17:41:44.924 - INFO  [           main] egate$BeanPostProcessorChecker : Bean 'org.springframework.boot.autoconfigure.data.redis.RedisAutoConfiguration$RedisConnectionConfiguration' of type [org.springframework.boot.autoconfigure.data.redis.RedisAutoConfiguration$RedisConnectionConfiguration$$EnhancerBySpringCGLIB$$8850dcfc] is not eligible for getting processed by all BeanPostProcessors (for example: not eligible for auto-proxying)
2019-05-29 17:41:44.948 - INFO  [           main] egate$BeanPostProcessorChecker : Bean 'redisConnectionFactory' of type [org.springframework.data.redis.connection.jedis.JedisConnectionFactory] is not eligible for getting processed by all BeanPostProcessors (for example: not eligible for auto-proxying)
2019-05-29 17:41:44.969 - INFO  [           main] egate$BeanPostProcessorChecker : Bean 'stringRedisTemplate' of type [org.springframework.data.redis.core.StringRedisTemplate] is not eligible for getting processed by all BeanPostProcessors (for example: not eligible for auto-proxying)
2019-05-29 17:41:44.970 - INFO  [           main] egate$BeanPostProcessorChecker : Bean 'shiroService' of type [com.mjc.service.impl.ShiroServiceImpl] is not eligible for getting processed by all BeanPostProcessors (for example: not eligible for auto-proxying)
2019-05-29 17:41:44.971 - INFO  [           main] egate$BeanPostProcessorChecker : Bean 'myShiroRealm' of type [com.mjc.shiro.MyRealm] is not eligible for getting processed by all BeanPostProcessors (for example: not eligible for auto-proxying)
2019-05-29 17:41:44.982 - INFO  [           main] egate$BeanPostProcessorChecker : Bean 'securityManager' of type [org.apache.shiro.web.mgt.DefaultWebSecurityManager] is not eligible for getting processed by all BeanPostProcessors (for example: not eligible for auto-proxying)
2019-05-29 17:41:45.006 - INFO  [           main] egate$BeanPostProcessorChecker : Bean 'org.springframework.amqp.rabbit.annotation.RabbitBootstrapConfiguration' of type [org.springframework.amqp.rabbit.annotation.RabbitBootstrapConfiguration$$EnhancerBySpringCGLIB$$bac2741b] is not eligible for getting processed by all BeanPostProcessors (for example: not eligible for auto-proxying)
2019-05-29 17:41:45.036 - INFO  [           main] egate$BeanPostProcessorChecker : Bean 'redisConfig' of type [com.mjc.redis.RedisConfig$$EnhancerBySpringCGLIB$$2f93dd47] is not eligible for getting processed by all BeanPostProcessors (for example: not eligible for auto-proxying)
2019-05-29 17:41:45.044 - INFO  [           main] egate$BeanPostProcessorChecker : Bean 'org.springframework.transaction.annotation.ProxyTransactionManagementConfiguration' of type [org.springframework.transaction.annotation.ProxyTransactionManagementConfiguration$$EnhancerBySpringCGLIB$$f456b5ed] is not eligible for getting processed by all BeanPostProcessors (for example: not eligible for auto-proxying)
2019-05-29 17:41:45.065 - INFO  [           main] egate$BeanPostProcessorChecker : Bean 'authorizationAttributeSourceAdvisor' of type [org.apache.shiro.spring.security.interceptor.AuthorizationAttributeSourceAdvisor] is not eligible for getting processed by all BeanPostProcessors (for example: not eligible for auto-proxying)
2019-05-29 17:41:45.127 - INFO  [           main] egate$BeanPostProcessorChecker : Bean 'keyGenerator' of type [com.mjc.redis.RedisConfig$1] is not eligible for getting processed by all BeanPostProcessors (for example: not eligible for auto-proxying)
2019-05-29 17:41:45.128 - INFO  [           main] egate$BeanPostProcessorChecker : Bean 'org.springframework.cache.annotation.ProxyCachingConfiguration' of type [org.springframework.cache.annotation.ProxyCachingConfiguration$$EnhancerBySpringCGLIB$$3d68ec0b] is not eligible for getting processed by all BeanPostProcessors (for example: not eligible for auto-proxying)
2019-05-29 17:41:45.650 - INFO  [           main] TomcatEmbeddedServletContainer : Tomcat initialized with port(s): 8080 (http)
2019-05-29 17:41:45.658 - INFO  [           main] o.a.j.l.DirectJDKLog           : Starting service Tomcat
2019-05-29 17:41:45.659 - INFO  [           main] o.a.j.l.DirectJDKLog           : Starting Servlet Engine: Apache Tomcat/8.5.14
2019-05-29 17:41:45.756 - INFO  [ost-startStop-1] o.a.j.l.DirectJDKLog           : Initializing Spring embedded WebApplicationContext
2019-05-29 17:41:45.756 - INFO  [ost-startStop-1] .EmbeddedWebApplicationContext : Root WebApplicationContext: initialization completed in 2825 ms
2019-05-29 17:41:46.037 - INFO  [ost-startStop-1] .b.w.s.ServletRegistrationBean : Mapping servlet: 'dispatcherServlet' to [/]
2019-05-29 17:41:46.040 - INFO  [ost-startStop-1] AbstractFilterRegistrationBean : Mapping filter: 'characterEncodingFilter' to: [/*]
2019-05-29 17:41:46.041 - INFO  [ost-startStop-1] AbstractFilterRegistrationBean : Mapping filter: 'hiddenHttpMethodFilter' to: [/*]
2019-05-29 17:41:46.041 - INFO  [ost-startStop-1] AbstractFilterRegistrationBean : Mapping filter: 'httpPutFormContentFilter' to: [/*]
2019-05-29 17:41:46.041 - INFO  [ost-startStop-1] AbstractFilterRegistrationBean : Mapping filter: 'requestContextFilter' to: [/*]
2019-05-29 17:41:46.041 - INFO  [ost-startStop-1] AbstractFilterRegistrationBean : Mapping filter: 'shiroFilter' to: [/*]
2019-05-29 17:41:47.173 - INFO  [           main] a.RequestMappingHandlerAdapter : Looking for @ControllerAdvice: org.springframework.boot.context.embedded.AnnotationConfigEmbeddedWebApplicationContext@4fad94a7: startup date [Wed May 29 17:41:42 CST 2019]; root of context hierarchy
2019-05-29 17:41:47.464 - INFO  [           main] rMethodMapping$MappingRegistry : Mapped "{[/uploads]}" onto public com.mjc.common.ReturnObject com.mjc.controller.ImageController.uploads(javax.servlet.http.HttpServletRequest) throws java.lang.Exception
2019-05-29 17:41:47.465 - INFO  [           main] rMethodMapping$MappingRegistry : Mapped "{[/quit]}" onto public com.mjc.common.ReturnObject com.mjc.controller.LoginController.quit(javax.servlet.http.HttpServletRequest,javax.servlet.http.HttpSession)
2019-05-29 17:41:47.466 - INFO  [           main] rMethodMapping$MappingRegistry : Mapped "{[/signUp]}" onto public com.mjc.common.ReturnObject com.mjc.controller.LoginController.signUp(com.mjc.domain.User,javax.servlet.http.HttpSession)
2019-05-29 17:41:47.466 - INFO  [           main] rMethodMapping$MappingRegistry : Mapped "{[/queryAuth]}" onto public com.mjc.common.ReturnObject com.mjc.controller.LoginController.queryAuth(javax.servlet.http.HttpServletRequest)
2019-05-29 17:41:47.467 - INFO  [           main] rMethodMapping$MappingRegistry : Mapped "{[/testBoot/getUserList]}" onto public java.util.List<com.mjc.domain.User> com.mjc.controller.UserController.getUserList()
2019-05-29 17:41:47.467 - INFO  [           main] rMethodMapping$MappingRegistry : Mapped "{[/testBoot/getUser/{id}]}" onto public com.mjc.domain.User com.mjc.controller.UserController.GetUser(int)
2019-05-29 17:41:47.469 - INFO  [           main] rMethodMapping$MappingRegistry : Mapped "{[/error]}" onto public org.springframework.http.ResponseEntity<java.util.Map<java.lang.String, java.lang.Object>> org.springframework.boot.autoconfigure.web.BasicErrorController.error(javax.servlet.http.HttpServletRequest)
2019-05-29 17:41:47.470 - INFO  [           main] rMethodMapping$MappingRegistry : Mapped "{[/error],produces=[text/html]}" onto public org.springframework.web.servlet.ModelAndView org.springframework.boot.autoconfigure.web.BasicErrorController.errorHtml(javax.servlet.http.HttpServletRequest,javax.servlet.http.HttpServletResponse)
2019-05-29 17:41:47.541 - INFO  [           main] .s.h.AbstractUrlHandlerMapping : Root mapping to handler of type [class org.springframework.web.servlet.mvc.ParameterizableViewController]
2019-05-29 17:41:47.606 - INFO  [           main] .s.h.AbstractUrlHandlerMapping : Mapped URL path [/image/**] onto handler of type [class org.springframework.web.servlet.resource.ResourceHttpRequestHandler]
2019-05-29 17:41:47.606 - INFO  [           main] .s.h.AbstractUrlHandlerMapping : Mapped URL path [/webjars/**] onto handler of type [class org.springframework.web.servlet.resource.ResourceHttpRequestHandler]
2019-05-29 17:41:47.606 - INFO  [           main] .s.h.AbstractUrlHandlerMapping : Mapped URL path [/**] onto handler of type [class org.springframework.web.servlet.resource.ResourceHttpRequestHandler]
2019-05-29 17:41:47.678 - INFO  [           main] eptionHandlerExceptionResolver : Detected @ExceptionHandler methods in exceptionHandle
2019-05-29 17:41:47.799 - INFO  [           main] .s.h.AbstractUrlHandlerMapping : Mapped URL path [/**/favicon.ico] onto handler of type [class org.springframework.web.servlet.resource.ResourceHttpRequestHandler]
2019-05-29 17:41:47.919 - WARN  [           main] tTemplateResolverConfiguration : Cannot find template location: classpath:/templates/ (please add some templates or check your Thymeleaf configuration)
2019-05-29 17:41:49.816 - INFO  [           main] o.s.j.e.MBeanExporter          : Registering beans for JMX exposure on startup
2019-05-29 17:41:49.823 - INFO  [           main] o.s.j.e.MBeanExporter          : Bean with name 'rabbitConnectionFactory' has been autodetected for JMX exposure
2019-05-29 17:41:49.826 - INFO  [           main] o.s.j.e.MBeanExporter          : Located managed bean 'rabbitConnectionFactory': registering with JMX server as MBean [org.springframework.amqp.rabbit.connection:name=rabbitConnectionFactory,type=CachingConnectionFactory]
2019-05-29 17:41:49.862 - INFO  [           main] ecycleProcessor$LifecycleGroup : Starting beans in phase -2147482648
2019-05-29 17:41:49.863 - INFO  [           main] ecycleProcessor$LifecycleGroup : Starting beans in phase 2147483647
2019-05-29 17:41:50.042 - INFO  [cTaskExecutor-1] .r.c.AbstractConnectionFactory : Created new connection: SimpleConnection@3aaa5e77 [delegate=amqp://guest@127.0.0.1:5672/, localPort= 50084]
2019-05-29 17:41:50.124 - INFO  [           main] o.a.j.l.DirectJDKLog           : Initializing ProtocolHandler ["http-nio-8080"]
2019-05-29 17:41:50.133 - INFO  [           main] o.a.j.l.DirectJDKLog           : Starting ProtocolHandler ["http-nio-8080"]
2019-05-29 17:41:50.147 - INFO  [           main] o.a.j.l.DirectJDKLog           : Using a shared selector for servlet write/read
2019-05-29 17:41:50.179 - INFO  [           main] TomcatEmbeddedServletContainer : Tomcat started on port(s): 8080 (http)
2019-05-29 17:41:50.192 - INFO  [           main] o.s.b.StartupInfoLogger        : Started XiaokApplication in 7.96 seconds (JVM running for 8.98)
